{
  "RSpec": {
    "coverage": {
      "/Users/antarais/workspace/softwareEngineeringCS169/strategystroller/app/controllers/application_controller.rb": [
        1,
        1,
        1,
        null,
        null,
        null,
        null,
        1,
        1,
        1,
        1,
        null,
        1,
        28,
        null,
        1,
        38,
        38,
        null,
        null,
        1,
        3,
        3,
        3,
        null,
        null,
        null,
        null,
        null,
        null,
        null,
        null,
        3,
        3,
        null,
        null,
        null,
        null,
        null,
        null,
        null,
        null
      ],
      "/Users/antarais/workspace/softwareEngineeringCS169/strategystroller/app/models/application.rb": [
        1,
        null,
        1,
        null,
        1,
        1,
        null,
        1,
        null,
        null,
        1,
        null,
        null,
        1,
        null,
        null,
        null,
        1,
        null,
        null,
        null,
        null
      ],
      "/Users/antarais/workspace/softwareEngineeringCS169/strategystroller/app/helpers/application_helper.rb": [
        1,
        null,
        null,
        null,
        null,
        1,
        1,
        1,
        1,
        null,
        1,
        2,
        1,
        null,
        1,
        null,
        null,
        1,
        5,
        1,
        4,
        1,
        3,
        1,
        2,
        2,
        null,
        null,
        0,
        null,
        null,
        null,
        1,
        5,
        1,
        4,
        1,
        3,
        1,
        2,
        2,
        null,
        null,
        0,
        null,
        null,
        null,
        null,
        null,
        null,
        null,
        1,
        0,
        0,
        0,
        0,
        null,
        null,
        null,
        null
      ],
      "/Users/antarais/workspace/softwareEngineeringCS169/strategystroller/app/helpers/admin_helper.rb": [
        1,
        null
      ],
      "/Users/antarais/workspace/softwareEngineeringCS169/strategystroller/app/helpers/controller_unit_helper.rb": [
        1,
        null,
        null,
        1,
        1,
        1,
        1,
        null,
        1,
        4,
        1,
        3,
        1,
        2,
        1,
        null,
        null,
        1,
        null,
        null,
        null,
        1,
        2,
        2,
        1,
        null,
        null,
        null,
        null,
        null,
        null,
        null,
        null,
        1,
        1,
        null,
        null,
        null,
        null,
        null,
        null,
        null,
        null,
        null,
        null
      ],
      "/Users/antarais/workspace/softwareEngineeringCS169/strategystroller/app/helpers/forms_helper.rb": [
        1,
        null
      ],
      "/Users/antarais/workspace/softwareEngineeringCS169/strategystroller/app/helpers/home_helper.rb": [
        1,
        null
      ],
      "/Users/antarais/workspace/softwareEngineeringCS169/strategystroller/app/helpers/provider_helper.rb": [
        1,
        null,
        null,
        1,
        1,
        1,
        null,
        1,
        4,
        1,
        3,
        1,
        2,
        1,
        null,
        null,
        1,
        null,
        null,
        null,
        1,
        3,
        1,
        2,
        1,
        null,
        null,
        1,
        null,
        null,
        null,
        null
      ],
      "/Users/antarais/workspace/softwareEngineeringCS169/strategystroller/app/models/admin_user.rb": [
        1,
        null,
        null,
        null,
        1,
        null,
        null,
        null,
        1,
        null,
        null
      ],
      "/Users/antarais/workspace/softwareEngineeringCS169/strategystroller/app/admin/application.rb": [
        1,
        1,
        null,
        1,
        1,
        1,
        0,
        0,
        null,
        0,
        null,
        null,
        null,
        null,
        1,
        0,
        0,
        0,
        0,
        0,
        0,
        null,
        0,
        null,
        null,
        null,
        null,
        null
      ],
      "/Users/antarais/workspace/softwareEngineeringCS169/strategystroller/app/admin/dashboard.rb": [
        1,
        null,
        1,
        null,
        1,
        0,
        0,
        0,
        0,
        null,
        null,
        null,
        null,
        null,
        null,
        null,
        null,
        null,
        null,
        null,
        null,
        null,
        null,
        null,
        null,
        null,
        null,
        null,
        null,
        null,
        null,
        null,
        null
      ],
      "/Users/antarais/workspace/softwareEngineeringCS169/strategystroller/app/admin/dimension.rb": [
        1,
        null,
        null
      ],
      "/Users/antarais/workspace/softwareEngineeringCS169/strategystroller/app/models/dimension.rb": [
        1,
        1,
        1,
        null,
        null,
        null,
        1,
        null,
        null,
        1,
        null,
        null,
        null,
        null,
        null,
        1,
        null,
        null,
        null,
        null,
        null,
        1,
        2,
        2,
        1,
        null,
        1,
        1,
        2,
        null,
        1,
        null,
        null,
        null,
        1,
        0,
        0,
        null,
        null,
        null,
        null
      ],
      "/Users/antarais/workspace/softwareEngineeringCS169/strategystroller/app/admin/form.rb": [
        1,
        null,
        null
      ],
      "/Users/antarais/workspace/softwareEngineeringCS169/strategystroller/app/models/form.rb": [
        1,
        1,
        null,
        null,
        null,
        1,
        1,
        1,
        1,
        null,
        null,
        1,
        null,
        null,
        null,
        null,
        null,
        null,
        1,
        null,
        null,
        null,
        null,
        null,
        null,
        null,
        null,
        1,
        null,
        null,
        1,
        null,
        null,
        1,
        null,
        null,
        1,
        null,
        null,
        null,
        null,
        null,
        1,
        12,
        2,
        null,
        null,
        null,
        null
      ],
      "/Users/antarais/workspace/softwareEngineeringCS169/strategystroller/app/admin/goal.rb": [
        1,
        null,
        null
      ],
      "/Users/antarais/workspace/softwareEngineeringCS169/strategystroller/app/models/goal.rb": [
        1,
        1,
        null,
        null,
        null,
        1,
        null,
        null,
        1,
        null,
        1,
        null,
        1,
        null,
        null,
        1,
        null,
        null,
        null,
        1,
        null,
        null,
        null,
        1,
        null,
        null,
        null,
        null,
        1,
        null,
        null,
        null,
        null,
        1,
        null,
        null,
        null,
        null,
        1,
        null,
        null,
        null,
        null,
        1,
        null,
        null,
        null,
        null,
        null,
        1,
        null,
        null,
        null,
        null,
        null,
        1,
        null,
        null,
        null,
        null,
        null,
        null,
        1,
        2,
        2,
        1,
        null,
        1,
        1,
        1,
        null,
        1,
        null,
        null,
        null,
        1,
        0,
        0,
        null,
        null,
        null
      ],
      "/Users/antarais/workspace/softwareEngineeringCS169/strategystroller/app/admin/indicator.rb": [
        1,
        null,
        null
      ],
      "/Users/antarais/workspace/softwareEngineeringCS169/strategystroller/app/models/indicator.rb": [
        1,
        1,
        null,
        null,
        null,
        1,
        1,
        null,
        null,
        null,
        1,
        null,
        1,
        null,
        1,
        null,
        null,
        1,
        null,
        null,
        null,
        null,
        1,
        null,
        null,
        null,
        null,
        null,
        null,
        null,
        null,
        1,
        null,
        null,
        null,
        null,
        1,
        null,
        null,
        null,
        null,
        1,
        null,
        null,
        null,
        null,
        1,
        null,
        null,
        null,
        null,
        1,
        68,
        68,
        67,
        null,
        null,
        63,
        261,
        261,
        null,
        2,
        null,
        261,
        null,
        1,
        null,
        null,
        null,
        67,
        null,
        1,
        null,
        null,
        1,
        null,
        68,
        null,
        null,
        null,
        1,
        null,
        null,
        null,
        null,
        1,
        null,
        null,
        1,
        68,
        68,
        67,
        133,
        2,
        null,
        133,
        1,
        null,
        null,
        67,
        2,
        null,
        null,
        1,
        null,
        68,
        null,
        null,
        null,
        1,
        null,
        null,
        null,
        null,
        1,
        null,
        null,
        null,
        null,
        null,
        null,
        1,
        null,
        null,
        null,
        null,
        null,
        1,
        null,
        null,
        null,
        null,
        null,
        1,
        null,
        null,
        null,
        null,
        null,
        1,
        null,
        null,
        null,
        null,
        null,
        1,
        null,
        null,
        null,
        null,
        null,
        1,
        null,
        null,
        null,
        null,
        null,
        1,
        null,
        null,
        null,
        null,
        1,
        null,
        null,
        null,
        null,
        null,
        null,
        1,
        7,
        7,
        1,
        null,
        6,
        6,
        5,
        1,
        1,
        null,
        0,
        null,
        null,
        null,
        null,
        1,
        null,
        4,
        null,
        null,
        null,
        null,
        1,
        null,
        null,
        2,
        2,
        0,
        2,
        1,
        1,
        1,
        null,
        null,
        null,
        1,
        2,
        2,
        1,
        null,
        1,
        1,
        1,
        null,
        1,
        null,
        null,
        null,
        1,
        0,
        0,
        0,
        0,
        0,
        null,
        null,
        null
      ],
      "/Users/antarais/workspace/softwareEngineeringCS169/strategystroller/app/admin/project.rb": [
        1,
        null,
        null
      ],
      "/Users/antarais/workspace/softwareEngineeringCS169/strategystroller/app/models/project.rb": [
        1,
        1,
        null,
        null,
        null,
        null,
        null,
        1,
        1,
        1,
        null,
        null,
        null,
        1,
        null,
        1,
        null,
        1,
        null,
        1,
        null,
        null,
        1,
        null,
        null,
        null,
        null,
        null,
        null,
        null,
        null,
        1,
        null,
        null,
        null,
        1,
        null,
        null,
        null,
        null,
        1,
        null,
        null,
        null,
        null,
        1,
        null,
        null,
        null,
        null,
        null,
        1,
        null,
        null,
        null,
        null,
        null,
        null,
        null,
        null,
        1,
        null,
        null,
        null,
        null,
        1,
        null,
        null,
        null,
        null,
        null,
        1,
        null,
        null,
        null,
        null,
        null,
        1,
        null,
        null,
        null,
        null,
        null,
        1,
        null,
        null,
        null,
        null,
        null,
        1,
        null,
        null,
        null,
        null,
        null,
        1,
        null,
        null,
        null,
        null,
        null,
        null,
        null,
        null,
        1,
        null,
        null,
        null,
        null,
        null,
        null,
        null,
        null,
        1,
        null,
        null,
        null,
        null,
        null,
        null,
        null,
        null,
        null,
        1,
        null,
        null,
        null,
        null,
        null,
        null,
        null,
        1,
        null,
        null,
        null,
        null,
        null,
        null,
        null,
        1,
        null,
        null,
        null,
        null,
        null,
        null,
        null,
        1,
        null,
        null,
        null,
        null,
        null,
        1,
        null,
        null,
        null,
        null,
        null,
        1,
        null,
        1,
        108,
        108,
        107,
        10,
        10,
        10,
        9,
        9,
        9,
        null,
        null,
        1,
        null,
        null,
        null,
        1,
        null,
        108,
        null,
        null,
        1,
        108,
        108,
        107,
        10,
        10,
        10,
        9,
        9,
        9,
        null,
        null,
        1,
        null,
        null,
        null,
        1,
        null,
        108,
        null,
        null,
        null,
        null,
        1,
        null,
        null,
        1,
        108,
        108,
        103,
        510,
        510,
        510,
        null,
        103,
        null,
        5,
        null,
        108,
        null,
        null,
        null,
        null,
        null,
        null,
        null,
        null,
        1,
        108,
        2,
        106,
        1,
        105,
        1,
        null,
        null,
        null,
        null,
        null,
        1,
        2,
        2,
        2,
        null,
        2,
        null,
        null,
        1,
        2,
        2,
        2,
        null,
        2,
        null,
        null,
        null,
        1,
        9,
        9,
        9,
        16,
        16,
        null,
        9,
        null,
        null,
        null,
        null,
        null,
        1,
        15,
        15,
        15,
        15,
        9,
        9,
        9,
        null,
        15,
        15,
        null,
        null,
        null,
        1,
        3,
        3,
        3,
        6,
        6,
        10,
        null,
        null,
        3,
        null,
        null,
        1,
        3,
        3,
        3,
        6,
        6,
        10,
        null,
        null,
        3,
        null,
        null,
        null,
        1,
        4,
        null,
        null,
        null,
        1,
        4,
        null,
        null,
        1,
        null,
        null,
        2,
        null,
        null,
        1,
        null,
        null,
        2,
        1,
        null,
        1,
        null,
        null,
        null,
        1,
        null,
        null,
        2,
        1,
        null,
        1,
        null,
        null,
        null,
        null,
        1,
        2,
        2,
        2,
        null,
        2,
        null,
        null,
        null,
        1,
        2,
        2,
        2,
        null,
        2,
        null,
        null,
        1,
        4,
        4,
        12,
        12,
        7,
        null,
        1,
        null,
        null,
        null,
        null,
        null,
        24,
        4,
        null,
        null,
        1,
        0,
        0,
        0,
        0,
        0,
        0,
        0,
        0,
        0,
        0,
        0,
        0,
        null,
        null,
        null
      ],
      "/Users/antarais/workspace/softwareEngineeringCS169/strategystroller/app/admin/settings.rb": [
        1,
        null,
        1,
        1,
        null,
        1,
        0,
        0,
        0,
        0,
        0,
        0,
        0,
        0,
        null,
        0,
        null,
        null,
        null,
        null,
        null,
        null,
        null,
        null,
        null,
        null,
        null,
        null,
        null,
        null,
        null,
        null,
        null,
        null,
        null,
        null,
        null,
        null,
        null,
        null,
        null,
        null,
        null,
        null
      ],
      "/Users/antarais/workspace/softwareEngineeringCS169/strategystroller/app/admin/users.rb": [
        1,
        1,
        0,
        0,
        0,
        0,
        0,
        0,
        null,
        null,
        1,
        1,
        1,
        1,
        null,
        1,
        0,
        0,
        0,
        0,
        0,
        0,
        0,
        null,
        0,
        null,
        null
      ],
      "/Users/antarais/workspace/softwareEngineeringCS169/strategystroller/app/models/user.rb": [
        1,
        null,
        null,
        1,
        null,
        null,
        null,
        null,
        1,
        null,
        null,
        null,
        null,
        null,
        null,
        null,
        null,
        null,
        1,
        1,
        1,
        1,
        1,
        null,
        null,
        null,
        1,
        null,
        null,
        1,
        null,
        null,
        null,
        null,
        null,
        null,
        1,
        null,
        null
      ],
      "/Users/antarais/workspace/softwareEngineeringCS169/strategystroller/app/controllers/admin_controller.rb": [
        1,
        null,
        1,
        null,
        null
      ],
      "/Users/antarais/workspace/softwareEngineeringCS169/strategystroller/app/controllers/controller_unit_controller.rb": [
        1,
        1,
        1,
        1,
        null,
        1,
        1,
        1,
        1,
        1,
        null,
        1,
        0,
        0,
        0,
        0,
        0,
        0,
        null,
        0,
        null,
        null,
        1,
        0,
        0,
        0,
        0,
        0,
        0,
        0,
        0,
        0,
        null,
        null,
        0,
        null,
        null,
        0,
        0,
        null,
        null,
        null,
        null,
        null,
        null,
        null,
        null,
        null,
        0,
        null,
        null,
        null,
        null,
        1,
        5,
        5,
        5,
        5,
        3,
        3,
        0,
        0,
        null,
        3,
        3,
        3,
        3,
        null,
        3,
        null,
        null,
        2,
        null,
        5,
        null,
        null,
        null,
        1,
        2,
        2,
        2,
        2,
        2,
        2,
        2,
        2,
        2,
        2,
        2,
        2,
        2,
        0,
        0,
        0,
        0,
        null,
        0,
        0,
        0,
        null,
        0,
        0,
        null,
        null,
        2,
        null,
        2,
        null,
        null,
        null,
        1,
        0,
        0,
        0,
        0,
        null,
        0,
        0,
        0,
        0,
        0,
        0,
        0,
        0,
        0,
        0,
        0,
        0,
        0,
        0,
        0,
        0,
        0,
        0,
        0,
        0,
        null,
        0,
        0,
        0,
        null,
        0,
        0,
        null,
        null,
        0,
        null,
        0,
        null,
        null,
        null,
        1,
        3,
        3,
        3,
        1,
        1,
        2,
        1,
        1,
        1,
        1,
        1,
        null,
        null,
        null,
        null,
        1,
        6,
        6,
        6,
        6,
        5,
        5,
        2,
        null,
        3,
        null,
        null,
        null,
        null,
        null,
        1,
        8,
        8,
        null,
        null,
        1,
        3,
        3,
        3,
        3,
        3,
        3,
        0,
        0,
        0,
        0,
        0,
        0,
        null,
        3,
        null,
        null,
        1,
        1,
        1,
        1,
        1,
        0,
        null,
        0,
        0,
        0,
        null,
        0,
        0,
        0,
        0,
        0,
        null,
        0,
        0,
        0,
        0,
        0,
        0,
        null,
        0,
        null,
        null,
        null,
        null,
        0,
        0,
        0,
        0,
        null,
        0,
        0,
        0,
        null,
        0,
        0,
        null,
        null,
        1,
        null,
        null,
        null,
        null,
        1,
        1,
        1,
        1,
        1,
        0,
        null,
        0,
        0,
        0,
        null,
        0,
        0,
        0,
        0,
        0,
        null,
        0,
        0,
        0,
        0,
        null,
        0,
        null,
        null,
        0,
        null,
        null,
        null,
        null,
        null,
        0,
        0,
        0,
        0,
        null,
        0,
        0,
        0,
        null,
        0,
        0,
        null,
        null,
        1,
        null,
        null,
        null,
        null,
        1,
        0,
        0,
        null,
        null,
        1,
        0,
        0,
        0,
        0,
        0,
        0,
        0,
        0,
        0,
        0,
        0,
        0,
        0,
        0,
        null,
        null,
        null,
        1,
        0,
        0,
        0,
        0,
        0,
        0,
        0,
        0,
        0,
        0,
        0,
        0,
        0,
        0,
        0,
        0,
        null,
        null,
        null,
        1,
        0,
        0,
        0,
        0,
        0,
        0,
        0,
        0,
        0,
        0,
        0,
        0,
        0,
        0,
        null,
        null,
        null,
        null,
        null,
        null,
        1,
        1,
        1,
        1,
        1,
        null,
        null,
        1,
        1,
        null,
        null,
        1,
        1,
        1,
        null,
        null,
        1,
        1,
        1,
        0,
        null,
        null,
        1,
        1,
        1,
        0,
        0,
        null,
        null,
        1,
        1,
        null,
        null,
        1,
        1,
        1,
        null,
        null,
        null,
        null,
        1,
        null,
        null,
        null,
        null,
        1,
        0,
        null,
        null,
        null,
        null,
        null,
        1,
        1,
        null,
        null,
        null,
        null,
        1,
        1,
        null,
        null,
        null
      ],
      "/Users/antarais/workspace/softwareEngineeringCS169/strategystroller/app/controllers/home_controller.rb": [
        1,
        1,
        null,
        1,
        3,
        3,
        2,
        2,
        1,
        null,
        1,
        null,
        null,
        1,
        null,
        null,
        null
      ],
      "/Users/antarais/workspace/softwareEngineeringCS169/strategystroller/app/controllers/provider_controller.rb": [
        1,
        1,
        1,
        null,
        1,
        null,
        null,
        null,
        null,
        null,
        null,
        1,
        1,
        1,
        1,
        null,
        1,
        0,
        0,
        0,
        0,
        0,
        0,
        0,
        0,
        0,
        0,
        0,
        0,
        0,
        0,
        0,
        null,
        0,
        null,
        null,
        null,
        1,
        0,
        0,
        0,
        0,
        0,
        0,
        0,
        0,
        0,
        0,
        0,
        0,
        null,
        0,
        0,
        0,
        0,
        0,
        0,
        0,
        null,
        0,
        null,
        null,
        null,
        1,
        0,
        0,
        0,
        0,
        0,
        0,
        0,
        0,
        0,
        0,
        0,
        0,
        0,
        0,
        0,
        0,
        0,
        null,
        0,
        null,
        null,
        null,
        1,
        0,
        0,
        0,
        0,
        null,
        null,
        0,
        0,
        0,
        null,
        0,
        null,
        0,
        0,
        null,
        0,
        null,
        null,
        null,
        null,
        1,
        0,
        0,
        0,
        0,
        0,
        0,
        0,
        0,
        0,
        0,
        0,
        0,
        null,
        0,
        null,
        0,
        0,
        0,
        0,
        0,
        0,
        0,
        0,
        null,
        0,
        null,
        null,
        null,
        1,
        0,
        0,
        0,
        0,
        0,
        0,
        0,
        0,
        0,
        0,
        0,
        0,
        null,
        0,
        0,
        null,
        0,
        0,
        null,
        null,
        null,
        null,
        null,
        0,
        0,
        null,
        null,
        0,
        0,
        0,
        0,
        0,
        0,
        0,
        0,
        null,
        0,
        null,
        null,
        null,
        null,
        1,
        0,
        0,
        0,
        null,
        null,
        1,
        0,
        0,
        0,
        0,
        0,
        null,
        0,
        0,
        0,
        null,
        null,
        null,
        0,
        0,
        0,
        0,
        null,
        0,
        0,
        0,
        null,
        null,
        null,
        null,
        1,
        0,
        0,
        0,
        0,
        0,
        null,
        0,
        null,
        0,
        0,
        null,
        0,
        null,
        null,
        null,
        null,
        null,
        1,
        null,
        null,
        null,
        null,
        1,
        0,
        null,
        null,
        null,
        null,
        1,
        0,
        null,
        null,
        null
      ],
      "/Users/antarais/workspace/softwareEngineeringCS169/strategystroller/app/mailers/form_mailer.rb": [
        1,
        1,
        null,
        1,
        1,
        1,
        1,
        1,
        null,
        1,
        6,
        6,
        null,
        null,
        1,
        3,
        3,
        null,
        null,
        1,
        3,
        3,
        null,
        null,
        1,
        3,
        3,
        3,
        3,
        3,
        3,
        0,
        0,
        0,
        0,
        0,
        0,
        null,
        3,
        null,
        null,
        1,
        3,
        3,
        3,
        null,
        null
      ],
      "/Users/antarais/workspace/softwareEngineeringCS169/strategystroller/app/models/activity.rb": [
        1,
        1,
        null,
        null,
        null,
        null,
        null,
        1,
        null,
        1,
        1,
        1,
        1,
        1,
        1,
        null,
        null,
        null,
        1,
        1,
        1,
        1,
        null,
        null,
        null,
        null,
        1,
        null,
        null,
        null,
        null,
        1,
        null,
        null,
        null,
        null,
        1,
        null,
        null,
        null,
        null,
        1,
        null,
        null,
        null,
        1,
        null,
        null,
        null,
        null,
        null,
        1,
        null,
        null,
        null,
        null,
        null,
        null,
        1,
        null,
        null,
        null,
        null,
        null,
        1,
        100,
        2,
        98,
        1,
        97,
        1,
        null,
        null,
        null,
        null,
        1,
        null,
        null,
        null,
        null,
        null,
        null,
        null,
        1,
        null,
        null,
        null,
        null,
        1,
        null,
        null,
        null,
        null,
        1,
        null,
        null,
        null,
        null,
        null,
        null,
        null,
        1,
        null,
        null,
        null,
        null,
        null,
        1,
        null,
        null,
        null,
        null,
        null,
        1,
        null,
        null,
        null,
        null
      ]
    },
    "timestamp": 1367875678
  }
}
